<?xml version="1.0" encoding="UTF-8"?>
<!-- Generated by org.testng.reporters.JUnitReportReporter -->
<testsuite hostname="LAPTOP-DKB1LN7D" failures="0" tests="1" name="Testcases.Addinguser" time="22.898" errors="0" timestamp="2023-08-04T22:36:17 IST" skipped="0">
  <testcase classname="Testcases.Addinguser" name="AdduserTest" time="22.898"/>
  <system-out/>
</testsuite> <!-- Testcases.Addinguser -->
