<?xml version="1.0" encoding="UTF-8"?>
<!-- Generated by org.testng.reporters.JUnitReportReporter -->
<testsuite hostname="LAPTOP-DKB1LN7D" failures="0" tests="1" name="Tutorail.Veereshacademy" time="0.010" errors="0" timestamp="2023-10-06T12:28:42 IST" skipped="0">
  <testcase classname="Tutorail.Veereshacademy" name="Postinsta" time="0.010"/>
  <system-out/>
</testsuite> <!-- Tutorail.Veereshacademy -->
