<?xml version="1.0" encoding="UTF-8"?>
<!-- Generated by org.testng.reporters.JUnitReportReporter -->
<testsuite hostname="LAPTOP-DKB1LN7D" failures="0" tests="1" name="Testcases.AddingEmp" time="18.145" errors="0" timestamp="2023-09-17T14:18:05 IST" skipped="0">
  <testcase classname="Testcases.AddingEmp" name="Addemp" time="18.145"/>
  <system-out/>
</testsuite> <!-- Testcases.AddingEmp -->
