<?xml version="1.0" encoding="UTF-8"?>
<!-- Generated by org.testng.reporters.JUnitReportReporter -->
<testsuite hostname="LAPTOP-DKB1LN7D" failures="0" tests="1" name="Testcases.AdminLoginwithValiddata" time="8.119" errors="0" timestamp="2023-08-03T16:01:28 IST" skipped="0">
  <testcase classname="Testcases.AdminLoginwithValiddata" name="AdminLogintest" time="8.119"/>
  <system-out/>
</testsuite> <!-- Testcases.AdminLoginwithValiddata -->
